Case #1: 
1 9
1 9
1 9
1 9
1 9
1 9
1 9
1 9
1 9
1 9
1 9
1 9
1 9
1 9
1 9
1 9
Case #2: 
2 2
1 1
Case #3: 
1 5
1 5
2 5
2 5
1 5
1 5
1 5
1 5
Case #4: 
2 3
1 1
2 3
2 3
Case #5: 
1 5
1 5
2 5
1 5
2 5
5 5
1 5
1 5
Case #6: 
1 5
1 5
1 5
1 5
1 5
2 5
1 5
1 5
Case #7: 
2 2
1 1
Case #8: 
3 3
1 1
2 3
2 3
Case #9: 
1 3
2 3
1 3
2 3
Case #10: 
1 9
1 9
1 9
1 9
1 9
1 9
1 9
1 9
1 9
1 9
1 9
1 9
1 9
1 9
1 9
1 9
Case #11: 
1 9
1 9
1 9
1 9
1 9
1 9
1 9
1 9
1 9
1 9
1 9
1 9
1 9
1 9
1 9
2 9
Case #12: 
1 9
1 9
1 9
1 9
1 9
1 9
1 9
1 9
1 9
1 9
1 9
1 9
1 9
1 9
1 9
2 9
Case #13: 
1 1
2 2
Case #14: 
2 3
2 3
2 3
1 1
Case #15: 
1 1
2 2
Case #16: 
1 5
2 5
1 5
1 5
1 5
3 5
1 5
1 5
Case #17: 
2 3
2 3
1 1
2 3
Case #18: 
2 5
3 5
2 5
1 5
1 5
1 5
1 5
2 5
Case #19: 
2 3
2 3
1 1
3 3
Case #20: 
1 3
1 3
3 3
1 3
Case #21: 
1 1
2 2
Case #22: 
3 3
1 3
1 3
1 3
Case #23: 
1 5
1 5
1 5
1 5
1 5
1 5
2 5
1 5
Case #24: 
3 3
1 3
1 3
1 3
Case #25: 
2 2
1 1
Case #26: 
2 2
1 1
Case #27: 
1 9
1 9
1 9
1 9
1 9
1 9
1 9
1 9
1 9
1 9
1 9
1 9
1 9
1 9
1 9
1 9
Case #28: 
2 3
1 1
3 3
2 3
Case #29: 
1 1
2 3
2 3
3 3
Case #30: 
2 5
2 5
2 5
3 5
2 5
3 5
2 5
1 1
Case #31: 
1 1
3 3
2 3
2 3
Case #32: 
2 5
1 5
3 5
1 5
1 5
3 5
1 5
1 5
Case #33: 
1 9
1 9
1 9
1 9
1 9
1 9
1 9
1 9
1 9
1 9
1 9
1 9
1 9
1 9
1 9
1 9
Case #34: 
1 9
1 9
1 9
1 9
1 9
1 9
1 9
1 9
1 9
1 9
1 9
1 9
1 9
1 9
1 9
1 9
Case #35: 
1 3
1 3
1 3
3 3
Case #36: 
1 1
2 3
3 3
2 3
Case #37: 
2 3
1 3
1 3
2 3
Case #38: 
2 2
1 1
Case #39: 
1 9
1 9
1 9
1 9
1 9
1 9
1 9
1 9
1 9
1 9
1 9
1 9
1 9
1 9
1 9
1 9
Case #40: 
2 2
1 1
Case #41: 
1 9
1 9
1 9
1 9
1 9
1 9
1 9
1 9
1 9
1 9
1 9
1 9
1 9
1 9
1 9
1 9
Case #42: 
1 1
2 2
Case #43: 
2 5
1 5
1 5
1 5
1 5
1 5
1 5
1 5
Case #44: 
2 5
1 5
1 5
1 5
1 5
1 5
1 5
1 5
Case #45: 
1 1
2 3
2 3
2 3
Case #46: 
1 5
1 5
2 5
1 5
1 5
1 5
1 5
1 5
Case #47: 
1 9
1 9
1 9
1 9
1 9
1 9
1 9
1 9
1 9
1 9
1 9
1 9
1 9
1 9
1 9
1 9
Case #48: 
1 1
2 2
Case #49: 
2 5
2 5
2 5
1 1
2 5
2 5
2 5
2 5
Case #50: 
2 3
1 3
2 3
1 3
Case #51: 
1 3
3 3
1 3
1 3
Case #52: 
3 5
1 5
1 5
1 5
1 5
1 5
1 5
1 5
Case #53: 
1 5
1 5
2 5
1 5
1 5
1 5
2 5
1 5
Case #54: 
2 3
3 3
2 3
1 1
Case #55: 
1 5
1 5
1 5
1 5
1 5
1 5
1 5
1 5
Case #56: 
3 3
2 3
1 1
2 3
Case #57: 
1 1
2 2
Case #58: 
1 5
3 5
1 5
1 5
1 5
1 5
2 5
2 5
Case #59: 
1 3
2 3
2 3
1 3
Case #60: 
2 5
2 5
2 5
1 5
1 5
1 5
2 5
2 5
Case #61: 
1 1
2 3
2 3
2 3
Case #62: 
1 1
2 3
2 3
3 3
Case #63: 
1 5
3 5
1 5
1 5
1 5
2 5
1 5
1 5
Case #64: 
1 1
2 2
Case #65: 
1 1
2 2
Case #66: 
3 3
1 1
2 3
2 3
Case #67: 
1 9
1 9
1 9
1 9
1 9
1 9
1 9
1 9
1 9
1 9
1 9
1 9
1 9
1 9
1 9
1 9
Case #68: 
2 3
2 3
1 3
1 3
Case #69: 
1 9
2 9
1 9
1 9
1 9
1 9
1 9
1 9
2 9
1 9
1 9
1 9
1 9
1 9
1 9
1 9
Case #70: 
1 9
1 9
1 9
1 9
1 9
1 9
1 9
1 9
1 9
1 9
1 9
1 9
1 9
1 9
1 9
1 9
Case #71: 
1 5
1 5
1 5
2 5
1 5
1 5
1 5
1 5
Case #72: 
1 5
1 5
1 5
1 5
5 5
1 5
1 5
1 5
Case #73: 
1 3
2 3
1 3
2 3
Case #74: 
2 2
1 1
Case #75: 
2 5
3 5
2 5
1 1
2 5
2 5
2 5
2 5
Case #76: 
2 3
1 1
2 3
3 3
Case #77: 
1 5
2 5
2 5
1 5
1 5
2 5
1 5
1 5
Case #78: 
1 1
2 2
Case #79: 
3 3
2 3
1 1
2 3
Case #80: 
2 2
1 1
Case #81: 
1 5
1 5
1 5
2 5
2 5
1 5
2 5
1 5
Case #82: 
1 9
1 9
1 9
1 9
1 9
1 9
1 9
1 9
1 9
1 9
1 9
1 9
1 9
1 9
1 9
1 9
Case #83: 
1 1
2 3
3 3
2 3
Case #84: 
1 5
1 5
2 5
2 5
1 5
1 5
1 5
1 5
Case #85: 
1 5
1 5
3 5
1 5
1 5
2 5
1 5
2 5
Case #86: 
1 1
2 2
Case #87: 
2 2
1 1
Case #88: 
2 5
1 5
1 5
1 5
3 5
1 5
1 5
1 5
Case #89: 
2 5
1 5
2 5
2 5
1 5
1 5
1 5
2 5
Case #90: 
1 9
1 9
1 9
1 9
1 9
1 9
2 9
1 9
1 9
1 9
1 9
1 9
1 9
1 9
1 9
1 9
Case #91: 
1 9
1 9
1 9
1 9
1 9
1 9
1 9
1 9
1 9
1 9
1 9
1 9
1 9
1 9
1 9
1 9
Case #92: 
2 2
1 1
Case #93: 
1 3
2 3
1 3
2 3
Case #94: 
1 5
3 5
1 5
1 5
2 5
1 5
1 5
2 5
Case #95: 
1 5
1 5
2 5
1 5
1 5
1 5
1 5
1 5
Case #96: 
1 3
1 3
2 3
2 3
Case #97: 
2 2
1 1
Case #98: 
2 5
3 5
1 5
1 5
2 5
1 5
1 5
1 5
Case #99: 
1 5
1 5
1 5
2 5
2 5
2 5
2 5
3 5
Case #100: 
1 9
1 9
1 9
1 9
1 9
1 9
1 9
1 9
1 9
1 9
1 9
1 9
1 9
1 9
1 9
1 9
Case #101: 
1 9
1 9
1 9
1 9
1 9
1 9
1 9
1 9
1 9
1 9
1 9
1 9
1 9
1 9
1 9
1 9
Case #102: 
2 5
1 5
1 5
1 5
1 5
1 5
1 5
1 5
Case #103: 
2 3
3 3
2 3
1 1
Case #104: 
1 1
3 3
2 3
2 3
Case #105: 
1 3
2 3
1 3
2 3
Case #106: 
1 9
1 9
1 9
1 9
1 9
1 9
1 9
1 9
1 9
1 9
1 9
1 9
1 9
1 9
1 9
1 9
Case #107: 
3 5
1 5
2 5
1 5
1 5
1 5
1 5
1 5
Case #108: 
2 2
1 1
Case #109: 
1 9
1 9
1 9
2 9
1 9
1 9
1 9
1 9
1 9
1 9
1 9
1 9
1 9
3 9
1 9
1 9
Case #110: 
1 9
1 9
1 9
1 9
1 9
1 9
1 9
1 9
1 9
1 9
1 9
1 9
1 9
1 9
1 9
1 9
Case #111: 
1 9
1 9
1 9
1 9
1 9
1 9
1 9
1 9
1 9
1 9
1 9
1 9
1 9
1 9
1 9
1 9
Case #112: 
2 3
2 3
1 3
1 3
Case #113: 
1 1
2 2
Case #114: 
1 9
1 9
1 9
1 9
1 9
1 9
1 9
1 9
1 9
1 9
1 9
1 9
1 9
1 9
1 9
1 9
Case #115: 
1 9
1 9
1 9
1 9
1 9
1 9
1 9
1 9
1 9
1 9
1 9
1 9
1 9
1 9
1 9
1 9
Case #116: 
2 2
1 1
Case #117: 
2 3
1 1
3 3
2 3
Case #118: 
1 1
2 2
Case #119: 
1 5
2 5
2 5
1 5
1 5
2 5
3 5
1 5
Case #120: 
2 2
1 1
Case #121: 
2 2
1 1
Case #122: 
2 2
1 1
Case #123: 
1 5
1 5
3 5
1 5
1 5
2 5
1 5
1 5
Case #124: 
2 5
2 5
2 5
1 1
2 5
2 5
2 5
2 5
Case #125: 
1 3
1 3
1 3
3 3
Case #126: 
1 9
1 9
1 9
1 9
1 9
1 9
1 9
1 9
1 9
1 9
1 9
1 9
1 9
1 9
1 9
1 9
Case #127: 
1 5
1 5
2 5
1 5
2 5
1 5
2 5
2 5
Case #128: 
2 3
1 1
3 3
2 3
Case #129: 
1 5
1 5
1 5
1 5
1 5
1 5
1 5
3 5
Case #130: 
2 3
1 3
1 3
2 3
Case #131: 
2 3
3 3
1 1
2 3
Case #132: 
1 1
2 2
Case #133: 
1 9
1 9
1 9
1 9
1 9
1 9
1 9
1 9
1 9
1 9
1 9
1 9
1 9
1 9
1 9
1 9
Case #134: 
2 5
5 5
1 5
1 5
1 5
2 5
2 5
1 5
Case #135: 
2 2
1 1
Case #136: 
1 9
1 9
1 9
1 9
1 9
1 9
1 9
1 9
1 9
1 9
1 9
1 9
1 9
1 9
1 9
1 9
Case #137: 
2 3
1 3
2 3
1 3
Case #138: 
1 3
1 3
1 3
3 3
Case #139: 
2 5
1 5
1 5
2 5
1 5
1 5
1 5
1 5
Case #140: 
3 3
1 1
2 3
2 3
Case #141: 
1 5
1 5
1 5
1 5
1 5
1 5
1 5
2 5
Case #142: 
1 5
1 5
1 5
1 5
1 5
1 5
2 5
2 5
Case #143: 
1 9
1 9
1 9
1 9
1 9
1 9
1 9
1 9
1 9
1 9
1 9
1 9
3 9
1 9
1 9
1 9
Case #144: 
2 2
1 1
Case #145: 
1 5
1 5
1 5
1 5
1 5
2 5
1 5
2 5
Case #146: 
2 2
1 1
Case #147: 
1 3
3 3
1 3
1 3
Case #148: 
1 3
2 3
1 3
2 3
Case #149: 
1 9
1 9
1 9
1 9
1 9
1 9
1 9
1 9
1 9
1 9
1 9
1 9
1 9
1 9
1 9
1 9
Case #150: 
1 5
1 5
2 5
1 5
1 5
3 5
2 5
2 5
Case #151: 
2 9
1 9
1 9
1 9
1 9
1 9
1 9
1 9
1 9
1 9
1 9
1 9
1 9
1 9
1 9
1 9
Case #152: 
3 5
2 5
1 5
1 5
1 5
1 5
1 5
2 5
Case #153: 
1 5
3 5
1 5
1 5
1 5
1 5
3 5
1 5
Case #154: 
5 5
3 5
3 5
1 5
1 5
2 5
1 5
1 5
Case #155: 
1 1
2 3
3 3
2 3
Case #156: 
1 5
1 5
1 5
3 5
1 5
1 5
1 5
1 5
Case #157: 
1 3
1 3
2 3
2 3
Case #158: 
2 2
1 1
Case #159: 
1 1
2 2
Case #160: 
2 3
1 1
2 3
2 3
Case #161: 
1 1
2 2
Case #162: 
1 5
1 5
1 5
1 5
1 5
1 5
1 5
2 5
Case #163: 
1 9
1 9
1 9
2 9
1 9
1 9
1 9
1 9
1 9
1 9
1 9
1 9
1 9
1 9
1 9
1 9
Case #164: 
1 5
1 5
1 5
1 5
1 5
1 5
3 5
2 5
Case #165: 
2 3
1 1
2 3
2 3
Case #166: 
2 2
1 1
Case #167: 
1 5
1 5
1 5
1 5
1 5
2 5
1 5
1 5
Case #168: 
1 9
1 9
1 9
1 9
1 9
1 9
1 9
1 9
1 9
1 9
1 9
1 9
1 9
1 9
1 9
1 9
Case #169: 
1 9
1 9
1 9
1 9
1 9
1 9
1 9
1 9
1 9
1 9
1 9
1 9
1 9
1 9
1 9
1 9
Case #170: 
2 2
1 1
Case #171: 
2 3
2 3
2 3
1 1
Case #172: 
2 2
1 1
Case #173: 
1 5
1 5
1 5
2 5
2 5
1 5
3 5
1 5
Case #174: 
1 5
3 5
1 5
1 5
1 5
1 5
1 5
1 5
Case #175: 
1 3
2 3
1 3
2 3
Case #176: 
3 3
1 3
1 3
1 3
Case #177: 
3 5
1 5
1 5
1 5
1 5
1 5
1 5
1 5
Case #178: 
1 5
1 5
1 5
1 5
1 5
1 5
2 5
1 5
Case #179: 
1 9
1 9
1 9
1 9
1 9
1 9
1 9
1 9
1 9
1 9
1 9
1 9
1 9
1 9
1 9
1 9
Case #180: 
1 1
2 2
Case #181: 
1 3
2 3
2 3
1 3
Case #182: 
2 2
1 1
Case #183: 
1 9
1 9
1 9
1 9
1 9
1 9
1 9
1 9
1 9
1 9
1 9
1 9
1 9
1 9
1 9
1 9
Case #184: 
1 1
2 2
Case #185: 
1 5
2 5
2 5
2 5
1 5
1 5
1 5
1 5
Case #186: 
2 2
1 1
Case #187: 
1 3
2 3
2 3
1 3
Case #188: 
1 9
1 9
1 9
1 9
1 9
1 9
1 9
1 9
1 9
1 9
1 9
1 9
1 9
1 9
1 9
1 9
Case #189: 
1 9
1 9
1 9
1 9
1 9
1 9
1 9
1 9
1 9
1 9
1 9
1 9
1 9
1 9
2 9
1 9
Case #190: 
3 3
1 1
2 3
2 3
Case #191: 
1 5
1 5
1 5
3 5
1 5
1 5
2 5
1 5
Case #192: 
1 9
1 9
2 9
1 9
1 9
1 9
1 9
1 9
1 9
1 9
1 9
1 9
1 9
1 9
1 9
1 9
Case #193: 
2 3
2 3
1 1
3 3
Case #194: 
3 3
1 3
1 3
1 3
Case #195: 
1 9
1 9
1 9
1 9
1 9
3 9
1 9
1 9
1 9
1 9
1 9
1 9
1 9
1 9
1 9
1 9
Case #196: 
2 2
1 1
Case #197: 
2 3
3 3
1 1
2 3
Case #198: 
1 1
2 2
Case #199: 
2 3
2 3
1 3
1 3
Case #200: 
1 5
2 5
1 5
2 5
1 5
1 5
1 5
1 5
Case #201: 
1 9
1 9
1 9
1 9
1 9
1 9
1 9
1 9
1 9
1 9
1 9
1 9
1 9
1 9
1 9
1 9
Case #202: 
2 2
1 1
Case #203: 
3 3
2 3
1 1
2 3
Case #204: 
1 9
1 9
1 9
1 9
1 9
1 9
1 9
1 9
1 9
1 9
1 9
1 9
1 9
1 9
1 9
1 9
Case #205: 
2 3
1 3
2 3
1 3
Case #206: 
1 3
1 3
1 3
3 3
Case #207: 
1 1
2 2
Case #208: 
2 3
2 3
1 1
2 3
Case #209: 
1 1
2 2
Case #210: 
2 2
1 1
Case #211: 
1 1
2 2
Case #212: 
1 1
2 2
Case #213: 
1 9
1 9
1 9
1 9
1 9
1 9
1 9
1 9
1 9
1 9
1 9
1 9
1 9
1 9
1 9
1 9
Case #214: 
2 3
1 1
3 3
2 3
Case #215: 
1 5
1 5
1 5
1 5
2 5
2 5
1 5
2 5
Case #216: 
2 3
3 3
1 1
2 3
Case #217: 
1 5
2 5
1 5
2 5
1 5
1 5
1 5
1 5
Case #218: 
1 3
2 3
1 3
2 3
Case #219: 
2 3
3 3
1 1
2 3
Case #220: 
1 5
2 5
1 5
1 5
1 5
1 5
1 5
1 5
Case #221: 
1 5
3 5
1 5
1 5
1 5
1 5
1 5
1 5
Case #222: 
1 1
2 2
Case #223: 
2 2
1 1
Case #224: 
1 9
1 9
1 9
1 9
1 9
1 9
1 9
1 9
1 9
2 9
1 9
1 9
1 9
1 9
1 9
1 9
Case #225: 
1 5
1 5
1 5
1 5
1 5
2 5
1 5
1 5
Case #226: 
2 5
1 5
1 5
2 5
1 5
1 5
1 5
1 5
Case #227: 
1 5
2 5
1 5
1 5
1 5
1 5
5 5
1 5
Case #228: 
2 5
1 5
2 5
1 5
1 5
1 5
1 5
1 5
Case #229: 
1 3
2 3
1 3
2 3
Case #230: 
1 9
1 9
1 9
1 9
1 9
1 9
1 9
1 9
1 9
1 9
1 9
1 9
1 9
1 9
1 9
1 9
Case #231: 
2 3
2 3
1 3
1 3
Case #232: 
2 3
2 3
1 3
1 3
Case #233: 
2 2
1 1
Case #234: 
2 5
2 5
2 5
1 1
2 5
2 5
2 5
2 5
Case #235: 
1 1
2 2
Case #236: 
1 5
1 5
1 5
1 5
1 5
2 5
1 5
1 5
Case #237: 
2 3
1 1
2 3
3 3
Case #238: 
1 3
1 3
3 3
1 3
Case #239: 
1 1
2 2
Case #240: 
2 2
1 1
Case #241: 
1 9
1 9
1 9
1 9
1 9
1 9
1 9
1 9
1 9
1 9
1 9
1 9
1 9
1 9
1 9
2 9
Case #242: 
1 1
2 2
Case #243: 
1 5
2 5
1 5
1 5
1 5
1 5
2 5
1 5
Case #244: 
1 1
2 3
2 3
2 3
Case #245: 
1 1
2 3
2 3
2 3
Case #246: 
1 9
1 9
1 9
1 9
1 9
1 9
1 9
1 9
1 9
1 9
1 9
1 9
1 9
1 9
1 9
1 9
Case #247: 
1 1
2 2
Case #248: 
1 1
2 2
Case #249: 
2 2
1 1
Case #250: 
2 3
1 3
1 3
2 3
